<?xml version="1.0" encoding="UTF-8"?>
<testng-results skipped="0" failed="0" total="1" passed="1">
  <reporter-output>
  </reporter-output>
  <suite name="com.bn.ninjatrader.importer.CsvPriceImporterTest" duration-ms="558" started-at="2017-01-17T07:56:44Z" finished-at="2017-01-17T07:56:45Z">
    <groups>
    </groups>
    <test name="Command line test" duration-ms="558" started-at="2017-01-17T07:56:44Z" finished-at="2017-01-17T07:56:45Z">
      <class name="com.bn.ninjatrader.importer.CsvPriceImporterTest">
        <test-method status="PASS" signature="testSave()[pri:0, instance:com.bn.ninjatrader.importer.CsvPriceImporterTest@32a068d1]" name="testSave" duration-ms="543" started-at="2017-01-17T15:56:44Z" finished-at="2017-01-17T15:56:45Z">
          <reporter-output>
          </reporter-output>
        </test-method> <!-- testSave -->
      </class> <!-- com.bn.ninjatrader.importer.CsvPriceImporterTest -->
    </test> <!-- Command line test -->
  </suite> <!-- com.bn.ninjatrader.importer.CsvPriceImporterTest -->
</testng-results>
