<?xml version="1.0" encoding="UTF-8"?>
<testng-results skipped="0" failed="0" total="97" passed="97">
  <reporter-output>
  </reporter-output>
  <suite name="Command line suite" duration-ms="2037" started-at="2016-11-09T00:35:28Z" finished-at="2016-11-09T00:35:30Z">
    <groups>
    </groups>
    <test name="Command line test" duration-ms="2037" started-at="2016-11-09T00:35:28Z" finished-at="2016-11-09T00:35:30Z">
      <class name="com.bn.ninjatrader.testplay.simulation.data.DataMapTest">
        <test-method status="PASS" signature="setup()[pri:0, instance:com.bn.ninjatrader.testplay.simulation.data.DataMapTest@75329a49]" name="setup" is-config="true" duration-ms="1" started-at="2016-11-09T08:35:30Z" finished-at="2016-11-09T08:35:30Z">
          <reporter-output>
          </reporter-output>
        </test-method> <!-- setup -->
        <test-method status="PASS" signature="testClearDataMap()[pri:0, instance:com.bn.ninjatrader.testplay.simulation.data.DataMapTest@75329a49]" name="testClearDataMap" duration-ms="1" started-at="2016-11-09T08:35:30Z" finished-at="2016-11-09T08:35:30Z">
          <reporter-output>
          </reporter-output>
        </test-method> <!-- testClearDataMap -->
        <test-method status="PASS" signature="setup()[pri:0, instance:com.bn.ninjatrader.testplay.simulation.data.DataMapTest@75329a49]" name="setup" is-config="true" duration-ms="0" started-at="2016-11-09T08:35:30Z" finished-at="2016-11-09T08:35:30Z">
          <reporter-output>
          </reporter-output>
        </test-method> <!-- setup -->
        <test-method status="PASS" signature="testGetWithEmptyMap()[pri:0, instance:com.bn.ninjatrader.testplay.simulation.data.DataMapTest@75329a49]" name="testGetWithEmptyMap" duration-ms="1" started-at="2016-11-09T08:35:30Z" finished-at="2016-11-09T08:35:30Z">
          <exception class="java.lang.IllegalArgumentException">
            <message>
              <![CDATA[Value does not exist for the DataType: Variable[dataType=PRICE_OPEN,period=0]]]>
            </message>
            <full-stacktrace>
              <![CDATA[java.lang.IllegalArgumentException: Value does not exist for the DataType: Variable[dataType=PRICE_OPEN,period=0]
	at com.bn.ninjatrader.testplay.simulation.data.DataMap.get(DataMap.java:44)
	at com.bn.ninjatrader.testplay.simulation.data.DataMap.get(DataMap.java:50)
	at com.bn.ninjatrader.testplay.simulation.data.DataMapTest.testGetWithEmptyMap(DataMapTest.java:28)
	at sun.reflect.NativeMethodAccessorImpl.invoke0(Native Method)
	at java.lang.reflect.Method.invoke(Method.java:497)
	at org.apache.maven.surefire.testng.TestNGExecutor.run(TestNGExecutor.java:70)
	at org.apache.maven.surefire.testng.TestNGDirectoryTestSuite.executeMulti(TestNGDirectoryTestSuite.java:158)
	at org.apache.maven.surefire.testng.TestNGDirectoryTestSuite.execute(TestNGDirectoryTestSuite.java:98)
	at org.apache.maven.surefire.testng.TestNGProvider.invoke(TestNGProvider.java:111)
	at sun.reflect.NativeMethodAccessorImpl.invoke0(Native Method)
	at java.lang.reflect.Method.invoke(Method.java:497)
	at org.apache.maven.surefire.util.ReflectionUtils.invokeMethodWithArray(ReflectionUtils.java:164)
	at org.apache.maven.surefire.booter.ProviderFactory$ProviderProxy.invoke(ProviderFactory.java:110)
	at org.apache.maven.surefire.booter.SurefireStarter.invokeProvider(SurefireStarter.java:175)
	at org.apache.maven.surefire.booter.SurefireStarter.runSuitesInProcessWhenForked(SurefireStarter.java:107)
	at org.apache.maven.surefire.booter.ForkedBooter.main(ForkedBooter.java:68)
]]>
            </full-stacktrace>
          </exception> <!-- java.lang.IllegalArgumentException -->
          <reporter-output>
          </reporter-output>
        </test-method> <!-- testGetWithEmptyMap -->
        <test-method status="PASS" signature="testPutDataMap()[pri:0, instance:com.bn.ninjatrader.testplay.simulation.data.DataMapTest@75329a49]" name="testPutDataMap" duration-ms="0" started-at="2016-11-09T08:35:30Z" finished-at="2016-11-09T08:35:30Z">
          <reporter-output>
          </reporter-output>
        </test-method> <!-- testPutDataMap -->
        <test-method status="PASS" signature="setup()[pri:0, instance:com.bn.ninjatrader.testplay.simulation.data.DataMapTest@75329a49]" name="setup" is-config="true" duration-ms="0" started-at="2016-11-09T08:35:30Z" finished-at="2016-11-09T08:35:30Z">
          <reporter-output>
          </reporter-output>
        </test-method> <!-- setup -->
        <test-method status="PASS" signature="testPutHashMap()[pri:0, instance:com.bn.ninjatrader.testplay.simulation.data.DataMapTest@75329a49]" name="testPutHashMap" duration-ms="2" started-at="2016-11-09T08:35:30Z" finished-at="2016-11-09T08:35:30Z">
          <reporter-output>
          </reporter-output>
        </test-method> <!-- testPutHashMap -->
        <test-method status="PASS" signature="setup()[pri:0, instance:com.bn.ninjatrader.testplay.simulation.data.DataMapTest@75329a49]" name="setup" is-config="true" duration-ms="0" started-at="2016-11-09T08:35:30Z" finished-at="2016-11-09T08:35:30Z">
          <reporter-output>
          </reporter-output>
        </test-method> <!-- setup -->
        <test-method status="PASS" signature="setup()[pri:0, instance:com.bn.ninjatrader.testplay.simulation.data.DataMapTest@75329a49]" name="setup" is-config="true" duration-ms="3" started-at="2016-11-09T08:35:30Z" finished-at="2016-11-09T08:35:30Z">
          <reporter-output>
          </reporter-output>
        </test-method> <!-- setup -->
        <test-method status="PASS" signature="testPutKeyValue()[pri:0, instance:com.bn.ninjatrader.testplay.simulation.data.DataMapTest@75329a49]" name="testPutKeyValue" duration-ms="1" started-at="2016-11-09T08:35:30Z" finished-at="2016-11-09T08:35:30Z">
          <reporter-output>
          </reporter-output>
        </test-method> <!-- testPutKeyValue -->
      </class> <!-- com.bn.ninjatrader.testplay.simulation.data.DataMapTest -->
      <class name="com.bn.ninjatrader.testplay.condition.ConditionsTest">
        <test-method status="PASS" signature="setup()[pri:0, instance:com.bn.ninjatrader.testplay.condition.ConditionsTest@71b1176b]" name="setup" is-config="true" duration-ms="1" started-at="2016-11-09T08:35:30Z" finished-at="2016-11-09T08:35:30Z">
          <reporter-output>
          </reporter-output>
        </test-method> <!-- setup -->
        <test-method status="PASS" signature="testGreaterThanCondition()[pri:0, instance:com.bn.ninjatrader.testplay.condition.ConditionsTest@71b1176b]" name="testGreaterThanCondition" duration-ms="2" started-at="2016-11-09T08:35:30Z" finished-at="2016-11-09T08:35:30Z">
          <reporter-output>
          </reporter-output>
        </test-method> <!-- testGreaterThanCondition -->
        <test-method status="PASS" signature="testMultipleEqualsCondition()[pri:0, instance:com.bn.ninjatrader.testplay.condition.ConditionsTest@71b1176b]" name="testMultipleEqualsCondition" duration-ms="1" started-at="2016-11-09T08:35:30Z" finished-at="2016-11-09T08:35:30Z">
          <reporter-output>
          </reporter-output>
        </test-method> <!-- testMultipleEqualsCondition -->
        <test-method status="PASS" signature="testGreaterThanOrEqualsCondition()[pri:0, instance:com.bn.ninjatrader.testplay.condition.ConditionsTest@71b1176b]" name="testGreaterThanOrEqualsCondition" duration-ms="0" started-at="2016-11-09T08:35:30Z" finished-at="2016-11-09T08:35:30Z">
          <reporter-output>
          </reporter-output>
        </test-method> <!-- testGreaterThanOrEqualsCondition -->
        <test-method status="PASS" signature="testSingleEqualsCondition()[pri:0, instance:com.bn.ninjatrader.testplay.condition.ConditionsTest@71b1176b]" name="testSingleEqualsCondition" duration-ms="1" started-at="2016-11-09T08:35:30Z" finished-at="2016-11-09T08:35:30Z">
          <reporter-output>
          </reporter-output>
        </test-method> <!-- testSingleEqualsCondition -->
      </class> <!-- com.bn.ninjatrader.testplay.condition.ConditionsTest -->
      <class name="com.bn.ninjatrader.testplay.operation.UnaryOperationTest">
        <test-method status="PASS" signature="setup()[pri:0, instance:com.bn.ninjatrader.testplay.operation.UnaryOperationTest@1ffe63b9]" name="setup" is-config="true" duration-ms="1" started-at="2016-11-09T08:35:30Z" finished-at="2016-11-09T08:35:30Z">
          <reporter-output>
          </reporter-output>
        </test-method> <!-- setup -->
        <test-method status="PASS" signature="testGetVariables()[pri:0, instance:com.bn.ninjatrader.testplay.operation.UnaryOperationTest@1ffe63b9]" name="testGetVariables" duration-ms="0" started-at="2016-11-09T08:35:30Z" finished-at="2016-11-09T08:35:30Z">
          <reporter-output>
          </reporter-output>
        </test-method> <!-- testGetVariables -->
        <test-method status="PASS" signature="testWithConstant()[pri:0, instance:com.bn.ninjatrader.testplay.operation.UnaryOperationTest@1ffe63b9]" name="testWithConstant" duration-ms="0" started-at="2016-11-09T08:35:30Z" finished-at="2016-11-09T08:35:30Z">
          <reporter-output>
          </reporter-output>
        </test-method> <!-- testWithConstant -->
        <test-method status="PASS" signature="testWithVariables()[pri:0, instance:com.bn.ninjatrader.testplay.operation.UnaryOperationTest@1ffe63b9]" name="testWithVariables" duration-ms="0" started-at="2016-11-09T08:35:30Z" finished-at="2016-11-09T08:35:30Z">
          <reporter-output>
          </reporter-output>
        </test-method> <!-- testWithVariables -->
      </class> <!-- com.bn.ninjatrader.testplay.operation.UnaryOperationTest -->
      <class name="com.bn.ninjatrader.testplay.simulation.transaction.BookkeeperTest">
        <test-method status="PASS" signature="testCreate()[pri:0, instance:com.bn.ninjatrader.testplay.simulation.transaction.BookkeeperTest@49c386c8]" name="testCreate" duration-ms="0" started-at="2016-11-09T08:35:28Z" finished-at="2016-11-09T08:35:28Z">
          <reporter-output>
          </reporter-output>
        </test-method> <!-- testCreate -->
        <test-method status="PASS" signature="setup()[pri:0, instance:com.bn.ninjatrader.testplay.simulation.transaction.BookkeeperTest@49c386c8]" name="setup" is-config="true" duration-ms="0" started-at="2016-11-09T08:35:28Z" finished-at="2016-11-09T08:35:28Z">
          <reporter-output>
          </reporter-output>
        </test-method> <!-- setup -->
        <test-method status="PASS" signature="setup()[pri:0, instance:com.bn.ninjatrader.testplay.simulation.transaction.BookkeeperTest@49c386c8]" name="setup" is-config="true" duration-ms="0" started-at="2016-11-09T08:35:28Z" finished-at="2016-11-09T08:35:28Z">
          <reporter-output>
          </reporter-output>
        </test-method> <!-- setup -->
        <test-method status="PASS" signature="testSimpleBuy()[pri:0, instance:com.bn.ninjatrader.testplay.simulation.transaction.BookkeeperTest@49c386c8]" name="testSimpleBuy" duration-ms="0" started-at="2016-11-09T08:35:28Z" finished-at="2016-11-09T08:35:28Z">
          <reporter-output>
          </reporter-output>
        </test-method> <!-- testSimpleBuy -->
        <test-method status="PASS" signature="testMultiLog()[pri:0, instance:com.bn.ninjatrader.testplay.simulation.transaction.BookkeeperTest@49c386c8]" name="testMultiLog" duration-ms="0" started-at="2016-11-09T08:35:28Z" finished-at="2016-11-09T08:35:28Z">
          <reporter-output>
          </reporter-output>
        </test-method> <!-- testMultiLog -->
        <test-method status="PASS" signature="setup()[pri:0, instance:com.bn.ninjatrader.testplay.simulation.transaction.BookkeeperTest@49c386c8]" name="setup" is-config="true" duration-ms="0" started-at="2016-11-09T08:35:28Z" finished-at="2016-11-09T08:35:28Z">
          <reporter-output>
          </reporter-output>
        </test-method> <!-- setup -->
      </class> <!-- com.bn.ninjatrader.testplay.simulation.transaction.BookkeeperTest -->
      <class name="com.bn.ninjatrader.testplay.condition.AndConditionTest">
        <test-method status="PASS" signature="testAddCondition()[pri:0, instance:com.bn.ninjatrader.testplay.condition.AndConditionTest@769e7ee8]" name="testAddCondition" duration-ms="3" started-at="2016-11-09T08:35:28Z" finished-at="2016-11-09T08:35:28Z">
          <reporter-output>
          </reporter-output>
        </test-method> <!-- testAddCondition -->
        <test-method status="PASS" signature="testAllFalse()[pri:0, instance:com.bn.ninjatrader.testplay.condition.AndConditionTest@769e7ee8]" name="testAllFalse" duration-ms="0" started-at="2016-11-09T08:35:28Z" finished-at="2016-11-09T08:35:28Z">
          <reporter-output>
          </reporter-output>
        </test-method> <!-- testAllFalse -->
        <test-method status="PASS" signature="testAllTrue()[pri:0, instance:com.bn.ninjatrader.testplay.condition.AndConditionTest@769e7ee8]" name="testAllTrue" duration-ms="0" started-at="2016-11-09T08:35:28Z" finished-at="2016-11-09T08:35:28Z">
          <reporter-output>
          </reporter-output>
        </test-method> <!-- testAllTrue -->
        <test-method status="PASS" signature="testGetDataTypes()[pri:0, instance:com.bn.ninjatrader.testplay.condition.AndConditionTest@769e7ee8]" name="testGetDataTypes" duration-ms="9" started-at="2016-11-09T08:35:28Z" finished-at="2016-11-09T08:35:28Z">
          <reporter-output>
          </reporter-output>
        </test-method> <!-- testGetDataTypes -->
        <test-method status="PASS" signature="testMixedTrueAndFalse()[pri:0, instance:com.bn.ninjatrader.testplay.condition.AndConditionTest@769e7ee8]" name="testMixedTrueAndFalse" duration-ms="0" started-at="2016-11-09T08:35:28Z" finished-at="2016-11-09T08:35:28Z">
          <reporter-output>
          </reporter-output>
        </test-method> <!-- testMixedTrueAndFalse -->
        <test-method status="PASS" signature="testNullCondition()[pri:0, instance:com.bn.ninjatrader.testplay.condition.AndConditionTest@769e7ee8]" name="testNullCondition" duration-ms="0" started-at="2016-11-09T08:35:28Z" finished-at="2016-11-09T08:35:28Z">
          <reporter-output>
          </reporter-output>
        </test-method> <!-- testNullCondition -->
      </class> <!-- com.bn.ninjatrader.testplay.condition.AndConditionTest -->
      <class name="com.bn.ninjatrader.testplay.simulation.stats.TradeStatisticTest">
        <test-method status="PASS" signature="testLossStats()[pri:0, instance:com.bn.ninjatrader.testplay.simulation.stats.TradeStatisticTest@1f0f1111]" name="testLossStats" duration-ms="0" started-at="2016-11-09T08:35:30Z" finished-at="2016-11-09T08:35:30Z">
          <reporter-output>
          </reporter-output>
        </test-method> <!-- testLossStats -->
        <test-method status="PASS" signature="setup()[pri:0, instance:com.bn.ninjatrader.testplay.simulation.stats.TradeStatisticTest@1f0f1111]" name="setup" is-config="true" duration-ms="0" started-at="2016-11-09T08:35:30Z" finished-at="2016-11-09T08:35:30Z">
          <reporter-output>
          </reporter-output>
        </test-method> <!-- setup -->
        <test-method status="PASS" signature="testMultiTradeStats()[pri:0, instance:com.bn.ninjatrader.testplay.simulation.stats.TradeStatisticTest@1f0f1111]" name="testMultiTradeStats" duration-ms="0" started-at="2016-11-09T08:35:30Z" finished-at="2016-11-09T08:35:30Z">
          <reporter-output>
          </reporter-output>
        </test-method> <!-- testMultiTradeStats -->
        <test-method status="PASS" signature="testOnCreate()[pri:0, instance:com.bn.ninjatrader.testplay.simulation.stats.TradeStatisticTest@1f0f1111]" name="testOnCreate" duration-ms="1" started-at="2016-11-09T08:35:30Z" finished-at="2016-11-09T08:35:30Z">
          <reporter-output>
          </reporter-output>
        </test-method> <!-- testOnCreate -->
        <test-method status="PASS" signature="setup()[pri:0, instance:com.bn.ninjatrader.testplay.simulation.stats.TradeStatisticTest@1f0f1111]" name="setup" is-config="true" duration-ms="0" started-at="2016-11-09T08:35:30Z" finished-at="2016-11-09T08:35:30Z">
          <reporter-output>
          </reporter-output>
        </test-method> <!-- setup -->
        <test-method status="PASS" signature="setup()[pri:0, instance:com.bn.ninjatrader.testplay.simulation.stats.TradeStatisticTest@1f0f1111]" name="setup" is-config="true" duration-ms="0" started-at="2016-11-09T08:35:30Z" finished-at="2016-11-09T08:35:30Z">
          <reporter-output>
          </reporter-output>
        </test-method> <!-- setup -->
        <test-method status="PASS" signature="testWinStats()[pri:0, instance:com.bn.ninjatrader.testplay.simulation.stats.TradeStatisticTest@1f0f1111]" name="testWinStats" duration-ms="0" started-at="2016-11-09T08:35:30Z" finished-at="2016-11-09T08:35:30Z">
          <reporter-output>
          </reporter-output>
        </test-method> <!-- testWinStats -->
        <test-method status="PASS" signature="setup()[pri:0, instance:com.bn.ninjatrader.testplay.simulation.stats.TradeStatisticTest@1f0f1111]" name="setup" is-config="true" duration-ms="0" started-at="2016-11-09T08:35:30Z" finished-at="2016-11-09T08:35:30Z">
          <reporter-output>
          </reporter-output>
        </test-method> <!-- setup -->
      </class> <!-- com.bn.ninjatrader.testplay.simulation.stats.TradeStatisticTest -->
      <class name="com.bn.ninjatrader.testplay.simulation.broker.BrokerTest">
        <test-method status="PASS" signature="setup()[pri:0, instance:com.bn.ninjatrader.testplay.simulation.broker.BrokerTest@12e61fe6]" name="setup" is-config="true" duration-ms="816" started-at="2016-11-09T08:35:28Z" finished-at="2016-11-09T08:35:29Z">
          <reporter-output>
          </reporter-output>
        </test-method> <!-- setup -->
        <test-method status="PASS" signature="testCreateEmpty()[pri:0, instance:com.bn.ninjatrader.testplay.simulation.broker.BrokerTest@12e61fe6]" name="testCreateEmpty" duration-ms="1" started-at="2016-11-09T08:35:29Z" finished-at="2016-11-09T08:35:29Z">
          <reporter-output>
          </reporter-output>
        </test-method> <!-- testCreateEmpty -->
        <test-method status="PASS" signature="setup()[pri:0, instance:com.bn.ninjatrader.testplay.simulation.broker.BrokerTest@12e61fe6]" name="setup" is-config="true" duration-ms="10" started-at="2016-11-09T08:35:29Z" finished-at="2016-11-09T08:35:29Z">
          <reporter-output>
          </reporter-output>
        </test-method> <!-- setup -->
        <test-method status="PASS" signature="testProcessPendingOrder()[pri:0, instance:com.bn.ninjatrader.testplay.simulation.broker.BrokerTest@12e61fe6]" name="testProcessPendingOrder" duration-ms="77" started-at="2016-11-09T08:35:29Z" finished-at="2016-11-09T08:35:29Z">
          <reporter-output>
          </reporter-output>
        </test-method> <!-- testProcessPendingOrder -->
        <test-method status="PASS" signature="setup()[pri:0, instance:com.bn.ninjatrader.testplay.simulation.broker.BrokerTest@12e61fe6]" name="setup" is-config="true" duration-ms="5" started-at="2016-11-09T08:35:29Z" finished-at="2016-11-09T08:35:29Z">
          <reporter-output>
          </reporter-output>
        </test-method> <!-- setup -->
        <test-method status="PASS" signature="testSubmitOrder()[pri:0, instance:com.bn.ninjatrader.testplay.simulation.broker.BrokerTest@12e61fe6]" name="testSubmitOrder" duration-ms="0" started-at="2016-11-09T08:35:29Z" finished-at="2016-11-09T08:35:29Z">
          <reporter-output>
          </reporter-output>
        </test-method> <!-- testSubmitOrder -->
      </class> <!-- com.bn.ninjatrader.testplay.simulation.broker.BrokerTest -->
      <class name="com.bn.ninjatrader.testplay.operation.BinaryOperationTest">
        <test-method status="PASS" signature="setup()[pri:0, instance:com.bn.ninjatrader.testplay.operation.BinaryOperationTest@647fd8ce]" name="setup" is-config="true" duration-ms="1" started-at="2016-11-09T08:35:28Z" finished-at="2016-11-09T08:35:28Z">
          <reporter-output>
          </reporter-output>
        </test-method> <!-- setup -->
        <test-method status="PASS" signature="testAddVariables()[pri:0, instance:com.bn.ninjatrader.testplay.operation.BinaryOperationTest@647fd8ce]" name="testAddVariables" duration-ms="7" started-at="2016-11-09T08:35:28Z" finished-at="2016-11-09T08:35:28Z">
          <reporter-output>
          </reporter-output>
        </test-method> <!-- testAddVariables -->
        <test-method status="PASS" signature="testGetDataTypesForConstants()[pri:0, instance:com.bn.ninjatrader.testplay.operation.BinaryOperationTest@647fd8ce]" name="testGetDataTypesForConstants" duration-ms="1" started-at="2016-11-09T08:35:28Z" finished-at="2016-11-09T08:35:28Z">
          <reporter-output>
          </reporter-output>
        </test-method> <!-- testGetDataTypesForConstants -->
        <test-method status="PASS" signature="testArithmeticOnConstants()[pri:0, instance:com.bn.ninjatrader.testplay.operation.BinaryOperationTest@647fd8ce]" name="testArithmeticOnConstants" duration-ms="0" started-at="2016-11-09T08:35:28Z" finished-at="2016-11-09T08:35:28Z">
          <reporter-output>
          </reporter-output>
        </test-method> <!-- testArithmeticOnConstants -->
        <test-method status="PASS" signature="testGetDataTypesForVariables()[pri:0, instance:com.bn.ninjatrader.testplay.operation.BinaryOperationTest@647fd8ce]" name="testGetDataTypesForVariables" duration-ms="0" started-at="2016-11-09T08:35:28Z" finished-at="2016-11-09T08:35:28Z">
          <reporter-output>
          </reporter-output>
        </test-method> <!-- testGetDataTypesForVariables -->
        <test-method status="PASS" signature="testGetNestedDataTypes()[pri:0, instance:com.bn.ninjatrader.testplay.operation.BinaryOperationTest@647fd8ce]" name="testGetNestedDataTypes" duration-ms="0" started-at="2016-11-09T08:35:28Z" finished-at="2016-11-09T08:35:28Z">
          <reporter-output>
          </reporter-output>
        </test-method> <!-- testGetNestedDataTypes -->
      </class> <!-- com.bn.ninjatrader.testplay.operation.BinaryOperationTest -->
      <class name="com.bn.ninjatrader.testplay.simulation.datafinder.PriceDataFinderTest">
        <test-method status="PASS" signature="setup()[pri:0, instance:com.bn.ninjatrader.testplay.simulation.datafinder.PriceDataFinderTest@7f010382]" name="setup" is-config="true" duration-ms="113" started-at="2016-11-09T08:35:30Z" finished-at="2016-11-09T08:35:30Z">
          <reporter-output>
          </reporter-output>
        </test-method> <!-- setup -->
        <test-method status="PASS" signature="testFind()[pri:0, instance:com.bn.ninjatrader.testplay.simulation.datafinder.PriceDataFinderTest@7f010382]" name="testFind" duration-ms="27" started-at="2016-11-09T08:35:30Z" finished-at="2016-11-09T08:35:30Z">
          <reporter-output>
          </reporter-output>
        </test-method> <!-- testFind -->
      </class> <!-- com.bn.ninjatrader.testplay.simulation.datafinder.PriceDataFinderTest -->
      <class name="com.bn.ninjatrader.testplay.operation.function.HighestInLastNBarsFunctionTest">
        <test-method status="PASS" signature="setup()[pri:0, instance:com.bn.ninjatrader.testplay.operation.function.HighestInLastNBarsFunctionTest@159f197]" name="setup" is-config="true" duration-ms="4" started-at="2016-11-09T08:35:30Z" finished-at="2016-11-09T08:35:30Z">
          <reporter-output>
          </reporter-output>
        </test-method> <!-- setup -->
        <test-method status="PASS" signature="testWithMultipleBars()[pri:0, instance:com.bn.ninjatrader.testplay.operation.function.HighestInLastNBarsFunctionTest@159f197]" name="testWithMultipleBars" duration-ms="3" started-at="2016-11-09T08:35:30Z" finished-at="2016-11-09T08:35:30Z">
          <reporter-output>
          </reporter-output>
        </test-method> <!-- testWithMultipleBars -->
        <test-method status="PASS" signature="testWithSingleHistoryBar()[pri:0, instance:com.bn.ninjatrader.testplay.operation.function.HighestInLastNBarsFunctionTest@159f197]" name="testWithSingleHistoryBar" duration-ms="2" started-at="2016-11-09T08:35:30Z" finished-at="2016-11-09T08:35:30Z">
          <reporter-output>
          </reporter-output>
        </test-method> <!-- testWithSingleHistoryBar -->
        <test-method status="PASS" signature="setup()[pri:0, instance:com.bn.ninjatrader.testplay.operation.function.HighestInLastNBarsFunctionTest@159f197]" name="setup" is-config="true" duration-ms="0" started-at="2016-11-09T08:35:30Z" finished-at="2016-11-09T08:35:30Z">
          <reporter-output>
          </reporter-output>
        </test-method> <!-- setup -->
      </class> <!-- com.bn.ninjatrader.testplay.operation.function.HighestInLastNBarsFunctionTest -->
      <class name="com.bn.ninjatrader.testplay.simulation.order.BuyOrderParametersTest">
        <test-method status="PASS" signature="testBuild()[pri:0, instance:com.bn.ninjatrader.testplay.simulation.order.BuyOrderParametersTest@1e802ef9]" name="testBuild" duration-ms="42" started-at="2016-11-09T08:35:30Z" finished-at="2016-11-09T08:35:30Z">
          <reporter-output>
          </reporter-output>
        </test-method> <!-- testBuild -->
      </class> <!-- com.bn.ninjatrader.testplay.simulation.order.BuyOrderParametersTest -->
      <class name="com.bn.ninjatrader.testplay.simulation.data.BarDataTest">
        <test-method status="PASS" signature="testOverwriteDataMap()[pri:0, instance:com.bn.ninjatrader.testplay.simulation.data.BarDataTest@6d2a209c]" name="testOverwriteDataMap" duration-ms="0" started-at="2016-11-09T08:35:28Z" finished-at="2016-11-09T08:35:28Z">
          <reporter-output>
          </reporter-output>
        </test-method> <!-- testOverwriteDataMap -->
        <test-method status="PASS" signature="testPutDataMap()[pri:0, instance:com.bn.ninjatrader.testplay.simulation.data.BarDataTest@6d2a209c]" name="testPutDataMap" duration-ms="0" started-at="2016-11-09T08:35:28Z" finished-at="2016-11-09T08:35:28Z">
          <reporter-output>
          </reporter-output>
        </test-method> <!-- testPutDataMap -->
      </class> <!-- com.bn.ninjatrader.testplay.simulation.data.BarDataTest -->
      <class name="com.bn.ninjatrader.testplay.operation.OperationsTest">
        <test-method status="PASS" signature="setup()[pri:0, instance:com.bn.ninjatrader.testplay.operation.OperationsTest@5dd6264]" name="setup" is-config="true" duration-ms="1" started-at="2016-11-09T08:35:30Z" finished-at="2016-11-09T08:35:30Z">
          <reporter-output>
          </reporter-output>
        </test-method> <!-- setup -->
        <test-method status="PASS" signature="testGetVariables()[pri:0, instance:com.bn.ninjatrader.testplay.operation.OperationsTest@5dd6264]" name="testGetVariables" duration-ms="2" started-at="2016-11-09T08:35:30Z" finished-at="2016-11-09T08:35:30Z">
          <reporter-output>
          </reporter-output>
        </test-method> <!-- testGetVariables -->
        <test-method status="PASS" signature="testWithConstants()[pri:0, instance:com.bn.ninjatrader.testplay.operation.OperationsTest@5dd6264]" name="testWithConstants" duration-ms="1" started-at="2016-11-09T08:35:30Z" finished-at="2016-11-09T08:35:30Z">
          <reporter-output>
          </reporter-output>
        </test-method> <!-- testWithConstants -->
        <test-method status="PASS" signature="testWithConstantsAndVaraibles()[pri:0, instance:com.bn.ninjatrader.testplay.operation.OperationsTest@5dd6264]" name="testWithConstantsAndVaraibles" duration-ms="1" started-at="2016-11-09T08:35:30Z" finished-at="2016-11-09T08:35:30Z">
          <reporter-output>
          </reporter-output>
        </test-method> <!-- testWithConstantsAndVaraibles -->
        <test-method status="PASS" signature="testWithSingleOperand()[pri:0, instance:com.bn.ninjatrader.testplay.operation.OperationsTest@5dd6264]" name="testWithSingleOperand" duration-ms="0" started-at="2016-11-09T08:35:30Z" finished-at="2016-11-09T08:35:30Z">
          <reporter-output>
          </reporter-output>
        </test-method> <!-- testWithSingleOperand -->
        <test-method status="PASS" signature="testWithVariables()[pri:0, instance:com.bn.ninjatrader.testplay.operation.OperationsTest@5dd6264]" name="testWithVariables" duration-ms="1" started-at="2016-11-09T08:35:30Z" finished-at="2016-11-09T08:35:30Z">
          <reporter-output>
          </reporter-output>
        </test-method> <!-- testWithVariables -->
      </class> <!-- com.bn.ninjatrader.testplay.operation.OperationsTest -->
      <class name="com.bn.ninjatrader.testplay.simulation.transaction.BuyTransactionTest">
        <test-method status="PASS" signature="testCreateEmpty()[pri:0, instance:com.bn.ninjatrader.testplay.simulation.transaction.BuyTransactionTest@56528192]" name="testCreateEmpty" duration-ms="1" started-at="2016-11-09T08:35:30Z" finished-at="2016-11-09T08:35:30Z">
          <reporter-output>
          </reporter-output>
        </test-method> <!-- testCreateEmpty -->
        <test-method status="PASS" signature="testCalculateValue()[pri:0, instance:com.bn.ninjatrader.testplay.simulation.transaction.BuyTransactionTest@56528192]" name="testCalculateValue" duration-ms="0" started-at="2016-11-09T08:35:30Z" finished-at="2016-11-09T08:35:30Z">
          <reporter-output>
          </reporter-output>
        </test-method> <!-- testCalculateValue -->
        <test-method status="PASS" signature="testCreateWithData()[pri:0, instance:com.bn.ninjatrader.testplay.simulation.transaction.BuyTransactionTest@56528192]" name="testCreateWithData" duration-ms="0" started-at="2016-11-09T08:35:30Z" finished-at="2016-11-09T08:35:30Z">
          <reporter-output>
          </reporter-output>
        </test-method> <!-- testCreateWithData -->
        <test-method status="PASS" signature="testEquals()[pri:0, instance:com.bn.ninjatrader.testplay.simulation.transaction.BuyTransactionTest@56528192]" name="testEquals" duration-ms="41" started-at="2016-11-09T08:35:30Z" finished-at="2016-11-09T08:35:30Z">
          <reporter-output>
          </reporter-output>
        </test-method> <!-- testEquals -->
        <test-method status="PASS" signature="testHashCode()[pri:0, instance:com.bn.ninjatrader.testplay.simulation.transaction.BuyTransactionTest@56528192]" name="testHashCode" duration-ms="6" started-at="2016-11-09T08:35:30Z" finished-at="2016-11-09T08:35:30Z">
          <reporter-output>
          </reporter-output>
        </test-method> <!-- testHashCode -->
      </class> <!-- com.bn.ninjatrader.testplay.simulation.transaction.BuyTransactionTest -->
      <class name="com.bn.ninjatrader.testplay.simulation.data.BarDataHistoryTest">
        <test-method status="PASS" signature="testCreateEmpty()[pri:0, instance:com.bn.ninjatrader.testplay.simulation.data.BarDataHistoryTest@5e316c74]" name="testCreateEmpty" duration-ms="3" started-at="2016-11-09T08:35:28Z" finished-at="2016-11-09T08:35:28Z">
          <reporter-output>
          </reporter-output>
        </test-method> <!-- testCreateEmpty -->
        <test-method status="PASS" signature="testWithDataExceedingMaxSize()[pri:0, instance:com.bn.ninjatrader.testplay.simulation.data.BarDataHistoryTest@5e316c74]" name="testWithDataExceedingMaxSize" duration-ms="1" started-at="2016-11-09T08:35:28Z" finished-at="2016-11-09T08:35:28Z">
          <reporter-output>
          </reporter-output>
        </test-method> <!-- testWithDataExceedingMaxSize -->
        <test-method status="PASS" signature="testWithData()[pri:0, instance:com.bn.ninjatrader.testplay.simulation.data.BarDataHistoryTest@5e316c74]" name="testWithData" duration-ms="0" started-at="2016-11-09T08:35:28Z" finished-at="2016-11-09T08:35:28Z">
          <reporter-output>
          </reporter-output>
        </test-method> <!-- testWithData -->
      </class> <!-- com.bn.ninjatrader.testplay.simulation.data.BarDataHistoryTest -->
      <class name="com.bn.ninjatrader.testplay.account.AccountTest">
        <test-method status="PASS" signature="setup()[pri:0, instance:com.bn.ninjatrader.testplay.account.AccountTest@419c5f1a]" name="setup" is-config="true" duration-ms="22" started-at="2016-11-09T08:35:28Z" finished-at="2016-11-09T08:35:28Z">
          <reporter-output>
          </reporter-output>
        </test-method> <!-- setup -->
        <test-method status="PASS" signature="testAddCash()[pri:0, instance:com.bn.ninjatrader.testplay.account.AccountTest@419c5f1a]" name="testAddCash" duration-ms="7" started-at="2016-11-09T08:35:28Z" finished-at="2016-11-09T08:35:28Z">
          <reporter-output>
          </reporter-output>
        </test-method> <!-- testAddCash -->
        <test-method status="PASS" signature="setup()[pri:0, instance:com.bn.ninjatrader.testplay.account.AccountTest@419c5f1a]" name="setup" is-config="true" duration-ms="0" started-at="2016-11-09T08:35:28Z" finished-at="2016-11-09T08:35:28Z">
          <reporter-output>
          </reporter-output>
        </test-method> <!-- setup -->
        <test-method status="PASS" signature="testAddToPortfolio()[pri:0, instance:com.bn.ninjatrader.testplay.account.AccountTest@419c5f1a]" name="testAddToPortfolio" duration-ms="1" started-at="2016-11-09T08:35:28Z" finished-at="2016-11-09T08:35:28Z">
          <reporter-output>
          </reporter-output>
        </test-method> <!-- testAddToPortfolio -->
        <test-method status="PASS" signature="testClearPortfolio()[pri:0, instance:com.bn.ninjatrader.testplay.account.AccountTest@419c5f1a]" name="testClearPortfolio" duration-ms="1" started-at="2016-11-09T08:35:28Z" finished-at="2016-11-09T08:35:28Z">
          <reporter-output>
          </reporter-output>
        </test-method> <!-- testClearPortfolio -->
        <test-method status="PASS" signature="setup()[pri:0, instance:com.bn.ninjatrader.testplay.account.AccountTest@419c5f1a]" name="setup" is-config="true" duration-ms="0" started-at="2016-11-09T08:35:28Z" finished-at="2016-11-09T08:35:28Z">
          <reporter-output>
          </reporter-output>
        </test-method> <!-- setup -->
        <test-method status="PASS" signature="testOnCreate()[pri:0, instance:com.bn.ninjatrader.testplay.account.AccountTest@419c5f1a]" name="testOnCreate" duration-ms="0" started-at="2016-11-09T08:35:28Z" finished-at="2016-11-09T08:35:28Z">
          <reporter-output>
          </reporter-output>
        </test-method> <!-- testOnCreate -->
        <test-method status="PASS" signature="setup()[pri:0, instance:com.bn.ninjatrader.testplay.account.AccountTest@419c5f1a]" name="setup" is-config="true" duration-ms="0" started-at="2016-11-09T08:35:28Z" finished-at="2016-11-09T08:35:28Z">
          <reporter-output>
          </reporter-output>
        </test-method> <!-- setup -->
      </class> <!-- com.bn.ninjatrader.testplay.account.AccountTest -->
      <class name="com.bn.ninjatrader.testplay.simulation.transaction.SellTransactionTest">
        <test-method status="PASS" signature="testCalculateValue()[pri:0, instance:com.bn.ninjatrader.testplay.simulation.transaction.SellTransactionTest@6e0dec4a]" name="testCalculateValue" duration-ms="0" started-at="2016-11-09T08:35:30Z" finished-at="2016-11-09T08:35:30Z">
          <reporter-output>
          </reporter-output>
        </test-method> <!-- testCalculateValue -->
        <test-method status="PASS" signature="testCreateEmpty()[pri:0, instance:com.bn.ninjatrader.testplay.simulation.transaction.SellTransactionTest@6e0dec4a]" name="testCreateEmpty" duration-ms="1" started-at="2016-11-09T08:35:30Z" finished-at="2016-11-09T08:35:30Z">
          <reporter-output>
          </reporter-output>
        </test-method> <!-- testCreateEmpty -->
        <test-method status="PASS" signature="testCreateWithData()[pri:0, instance:com.bn.ninjatrader.testplay.simulation.transaction.SellTransactionTest@6e0dec4a]" name="testCreateWithData" duration-ms="0" started-at="2016-11-09T08:35:30Z" finished-at="2016-11-09T08:35:30Z">
          <reporter-output>
          </reporter-output>
        </test-method> <!-- testCreateWithData -->
        <test-method status="PASS" signature="testEquals()[pri:0, instance:com.bn.ninjatrader.testplay.simulation.transaction.SellTransactionTest@6e0dec4a]" name="testEquals" duration-ms="3" started-at="2016-11-09T08:35:30Z" finished-at="2016-11-09T08:35:30Z">
          <reporter-output>
          </reporter-output>
        </test-method> <!-- testEquals -->
        <test-method status="PASS" signature="testHashCode()[pri:0, instance:com.bn.ninjatrader.testplay.simulation.transaction.SellTransactionTest@6e0dec4a]" name="testHashCode" duration-ms="2" started-at="2016-11-09T08:35:30Z" finished-at="2016-11-09T08:35:30Z">
          <reporter-output>
          </reporter-output>
        </test-method> <!-- testHashCode -->
      </class> <!-- com.bn.ninjatrader.testplay.simulation.transaction.SellTransactionTest -->
      <class name="com.bn.ninjatrader.testplay.simulation.broker.SellOrderExecutorTest">
        <test-method status="PASS" signature="setup()[pri:0, instance:com.bn.ninjatrader.testplay.simulation.broker.SellOrderExecutorTest@48fa0f47]" name="setup" is-config="true" duration-ms="11" started-at="2016-11-09T08:35:30Z" finished-at="2016-11-09T08:35:30Z">
          <reporter-output>
          </reporter-output>
        </test-method> <!-- setup -->
        <test-method status="PASS" signature="testExecute()[pri:0, instance:com.bn.ninjatrader.testplay.simulation.broker.SellOrderExecutorTest@48fa0f47]" name="testExecute" duration-ms="1" started-at="2016-11-09T08:35:30Z" finished-at="2016-11-09T08:35:30Z">
          <reporter-output>
          </reporter-output>
        </test-method> <!-- testExecute -->
      </class> <!-- com.bn.ninjatrader.testplay.simulation.broker.SellOrderExecutorTest -->
      <class name="com.bn.ninjatrader.testplay.account.PortfolioTest">
        <test-method status="PASS" signature="setup()[pri:0, instance:com.bn.ninjatrader.testplay.account.PortfolioTest@12b0404f]" name="setup" is-config="true" duration-ms="16" started-at="2016-11-09T08:35:30Z" finished-at="2016-11-09T08:35:30Z">
          <reporter-output>
          </reporter-output>
        </test-method> <!-- setup -->
        <test-method status="PASS" signature="testAdd()[pri:0, instance:com.bn.ninjatrader.testplay.account.PortfolioTest@12b0404f]" name="testAdd" duration-ms="0" started-at="2016-11-09T08:35:30Z" finished-at="2016-11-09T08:35:30Z">
          <reporter-output>
          </reporter-output>
        </test-method> <!-- testAdd -->
        <test-method status="PASS" signature="setup()[pri:0, instance:com.bn.ninjatrader.testplay.account.PortfolioTest@12b0404f]" name="setup" is-config="true" duration-ms="0" started-at="2016-11-09T08:35:30Z" finished-at="2016-11-09T08:35:30Z">
          <reporter-output>
          </reporter-output>
        </test-method> <!-- setup -->
        <test-method status="PASS" signature="testAvgPrice()[pri:0, instance:com.bn.ninjatrader.testplay.account.PortfolioTest@12b0404f]" name="testAvgPrice" duration-ms="1" started-at="2016-11-09T08:35:30Z" finished-at="2016-11-09T08:35:30Z">
          <reporter-output>
          </reporter-output>
        </test-method> <!-- testAvgPrice -->
        <test-method status="PASS" signature="testClear()[pri:0, instance:com.bn.ninjatrader.testplay.account.PortfolioTest@12b0404f]" name="testClear" duration-ms="0" started-at="2016-11-09T08:35:30Z" finished-at="2016-11-09T08:35:30Z">
          <reporter-output>
          </reporter-output>
        </test-method> <!-- testClear -->
        <test-method status="PASS" signature="setup()[pri:0, instance:com.bn.ninjatrader.testplay.account.PortfolioTest@12b0404f]" name="setup" is-config="true" duration-ms="0" started-at="2016-11-09T08:35:30Z" finished-at="2016-11-09T08:35:30Z">
          <reporter-output>
          </reporter-output>
        </test-method> <!-- setup -->
        <test-method status="PASS" signature="setup()[pri:0, instance:com.bn.ninjatrader.testplay.account.PortfolioTest@12b0404f]" name="setup" is-config="true" duration-ms="1" started-at="2016-11-09T08:35:30Z" finished-at="2016-11-09T08:35:30Z">
          <reporter-output>
          </reporter-output>
        </test-method> <!-- setup -->
        <test-method status="PASS" signature="testOnCreate()[pri:0, instance:com.bn.ninjatrader.testplay.account.PortfolioTest@12b0404f]" name="testOnCreate" duration-ms="0" started-at="2016-11-09T08:35:30Z" finished-at="2016-11-09T08:35:30Z">
          <reporter-output>
          </reporter-output>
        </test-method> <!-- testOnCreate -->
        <test-method status="PASS" signature="testNumOfShares()[pri:0, instance:com.bn.ninjatrader.testplay.account.PortfolioTest@12b0404f]" name="testNumOfShares" duration-ms="0" started-at="2016-11-09T08:35:30Z" finished-at="2016-11-09T08:35:30Z">
          <reporter-output>
          </reporter-output>
        </test-method> <!-- testNumOfShares -->
        <test-method status="PASS" signature="setup()[pri:0, instance:com.bn.ninjatrader.testplay.account.PortfolioTest@12b0404f]" name="setup" is-config="true" duration-ms="0" started-at="2016-11-09T08:35:30Z" finished-at="2016-11-09T08:35:30Z">
          <reporter-output>
          </reporter-output>
        </test-method> <!-- setup -->
      </class> <!-- com.bn.ninjatrader.testplay.account.PortfolioTest -->
      <class name="com.bn.ninjatrader.testplay.simulation.broker.BuyOrderExecutorTest">
        <test-method status="PASS" signature="setup()[pri:0, instance:com.bn.ninjatrader.testplay.simulation.broker.BuyOrderExecutorTest@7ee955a8]" name="setup" is-config="true" duration-ms="228" started-at="2016-11-09T08:35:29Z" finished-at="2016-11-09T08:35:30Z">
          <reporter-output>
          </reporter-output>
        </test-method> <!-- setup -->
        <test-method status="PASS" signature="testExecute()[pri:0, instance:com.bn.ninjatrader.testplay.simulation.broker.BuyOrderExecutorTest@7ee955a8]" name="testExecute" duration-ms="15" started-at="2016-11-09T08:35:30Z" finished-at="2016-11-09T08:35:30Z">
          <reporter-output>
          </reporter-output>
        </test-method> <!-- testExecute -->
      </class> <!-- com.bn.ninjatrader.testplay.simulation.broker.BuyOrderExecutorTest -->
      <class name="com.bn.ninjatrader.testplay.simulation.adaptor.PriceDataMapAdaptorTest">
        <test-method status="PASS" signature="setup()[pri:0, instance:com.bn.ninjatrader.testplay.simulation.adaptor.PriceDataMapAdaptorTest@7c469c48]" name="setup" is-config="true" duration-ms="44" started-at="2016-11-09T08:35:30Z" finished-at="2016-11-09T08:35:30Z">
          <reporter-output>
          </reporter-output>
        </test-method> <!-- setup -->
        <test-method status="PASS" signature="testToDataMap()[pri:0, instance:com.bn.ninjatrader.testplay.simulation.adaptor.PriceDataMapAdaptorTest@7c469c48]" name="testToDataMap" duration-ms="0" started-at="2016-11-09T08:35:30Z" finished-at="2016-11-09T08:35:30Z">
          <reporter-output>
          </reporter-output>
        </test-method> <!-- testToDataMap -->
      </class> <!-- com.bn.ninjatrader.testplay.simulation.adaptor.PriceDataMapAdaptorTest -->
      <class name="com.bn.ninjatrader.testplay.simulation.order.SellOrderParametersTest">
        <test-method status="PASS" signature="testBuild()[pri:0, instance:com.bn.ninjatrader.testplay.simulation.order.SellOrderParametersTest@778d1062]" name="testBuild" duration-ms="2" started-at="2016-11-09T08:35:30Z" finished-at="2016-11-09T08:35:30Z">
          <reporter-output>
          </reporter-output>
        </test-method> <!-- testBuild -->
      </class> <!-- com.bn.ninjatrader.testplay.simulation.order.SellOrderParametersTest -->
      <class name="com.bn.ninjatrader.testplay.simulation.broker.OrderExecutorTest">
        <test-method status="PASS" signature="setup()[pri:0, instance:com.bn.ninjatrader.testplay.simulation.broker.OrderExecutorTest@1677d1]" name="setup" is-config="true" duration-ms="39" started-at="2016-11-09T08:35:30Z" finished-at="2016-11-09T08:35:30Z">
          <reporter-output>
          </reporter-output>
        </test-method> <!-- setup -->
        <test-method status="PASS" signature="testCalculateProfit()[pri:0, instance:com.bn.ninjatrader.testplay.simulation.broker.OrderExecutorTest@1677d1]" name="testCalculateProfit" duration-ms="6" started-at="2016-11-09T08:35:30Z" finished-at="2016-11-09T08:35:30Z">
          <reporter-output>
          </reporter-output>
        </test-method> <!-- testCalculateProfit -->
        <test-method status="PASS" signature="setup()[pri:0, instance:com.bn.ninjatrader.testplay.simulation.broker.OrderExecutorTest@1677d1]" name="setup" is-config="true" duration-ms="35" started-at="2016-11-09T08:35:30Z" finished-at="2016-11-09T08:35:30Z">
          <reporter-output>
          </reporter-output>
        </test-method> <!-- setup -->
        <test-method status="PASS" signature="testCalculateProfitAtLowerPrice()[pri:0, instance:com.bn.ninjatrader.testplay.simulation.broker.OrderExecutorTest@1677d1]" name="testCalculateProfitAtLowerPrice" duration-ms="1" started-at="2016-11-09T08:35:30Z" finished-at="2016-11-09T08:35:30Z">
          <reporter-output>
          </reporter-output>
        </test-method> <!-- testCalculateProfitAtLowerPrice -->
        <test-method status="PASS" signature="setup()[pri:0, instance:com.bn.ninjatrader.testplay.simulation.broker.OrderExecutorTest@1677d1]" name="setup" is-config="true" duration-ms="32" started-at="2016-11-09T08:35:30Z" finished-at="2016-11-09T08:35:30Z">
          <reporter-output>
          </reporter-output>
        </test-method> <!-- setup -->
        <test-method status="PASS" signature="testGetFulfilledPrice()[pri:0, instance:com.bn.ninjatrader.testplay.simulation.broker.OrderExecutorTest@1677d1]" name="testGetFulfilledPrice" duration-ms="4" started-at="2016-11-09T08:35:30Z" finished-at="2016-11-09T08:35:30Z">
          <reporter-output>
          </reporter-output>
        </test-method> <!-- testGetFulfilledPrice -->
        <test-method status="PASS" signature="setup()[pri:0, instance:com.bn.ninjatrader.testplay.simulation.broker.OrderExecutorTest@1677d1]" name="setup" is-config="true" duration-ms="31" started-at="2016-11-09T08:35:30Z" finished-at="2016-11-09T08:35:30Z">
          <reporter-output>
          </reporter-output>
        </test-method> <!-- setup -->
        <test-method status="PASS" signature="testGetNumberOfSharesCanBuy()[pri:0, instance:com.bn.ninjatrader.testplay.simulation.broker.OrderExecutorTest@1677d1]" name="testGetNumberOfSharesCanBuy" duration-ms="2" started-at="2016-11-09T08:35:30Z" finished-at="2016-11-09T08:35:30Z">
          <reporter-output>
          </reporter-output>
        </test-method> <!-- testGetNumberOfSharesCanBuy -->
      </class> <!-- com.bn.ninjatrader.testplay.simulation.broker.OrderExecutorTest -->
      <class name="com.bn.ninjatrader.testplay.condition.OrConditionTest">
        <test-method status="PASS" signature="testAllFalse()[pri:0, instance:com.bn.ninjatrader.testplay.condition.OrConditionTest@6193932a]" name="testAllFalse" duration-ms="0" started-at="2016-11-09T08:35:30Z" finished-at="2016-11-09T08:35:30Z">
          <reporter-output>
          </reporter-output>
        </test-method> <!-- testAllFalse -->
        <test-method status="PASS" signature="testAllTrue()[pri:0, instance:com.bn.ninjatrader.testplay.condition.OrConditionTest@6193932a]" name="testAllTrue" duration-ms="1" started-at="2016-11-09T08:35:30Z" finished-at="2016-11-09T08:35:30Z">
          <reporter-output>
          </reporter-output>
        </test-method> <!-- testAllTrue -->
        <test-method status="PASS" signature="testMixedTrueAndFalse()[pri:0, instance:com.bn.ninjatrader.testplay.condition.OrConditionTest@6193932a]" name="testMixedTrueAndFalse" duration-ms="0" started-at="2016-11-09T08:35:30Z" finished-at="2016-11-09T08:35:30Z">
          <reporter-output>
          </reporter-output>
        </test-method> <!-- testMixedTrueAndFalse -->
        <test-method status="PASS" signature="testGetDataTypes()[pri:0, instance:com.bn.ninjatrader.testplay.condition.OrConditionTest@6193932a]" name="testGetDataTypes" duration-ms="0" started-at="2016-11-09T08:35:30Z" finished-at="2016-11-09T08:35:30Z">
          <reporter-output>
          </reporter-output>
        </test-method> <!-- testGetDataTypes -->
      </class> <!-- com.bn.ninjatrader.testplay.condition.OrConditionTest -->
      <class name="com.bn.ninjatrader.testplay.simulation.adaptor.IchimokuDataMapAdaptorTest">
        <test-method status="PASS" signature="setup()[pri:0, instance:com.bn.ninjatrader.testplay.simulation.adaptor.IchimokuDataMapAdaptorTest@51e5fc98]" name="setup" is-config="true" duration-ms="26" started-at="2016-11-09T08:35:30Z" finished-at="2016-11-09T08:35:30Z">
          <reporter-output>
          </reporter-output>
        </test-method> <!-- setup -->
        <test-method status="PASS" signature="testToDataMap()[pri:0, instance:com.bn.ninjatrader.testplay.simulation.adaptor.IchimokuDataMapAdaptorTest@51e5fc98]" name="testToDataMap" duration-ms="1" started-at="2016-11-09T08:35:30Z" finished-at="2016-11-09T08:35:30Z">
          <reporter-output>
          </reporter-output>
        </test-method> <!-- testToDataMap -->
      </class> <!-- com.bn.ninjatrader.testplay.simulation.adaptor.IchimokuDataMapAdaptorTest -->
      <class name="com.bn.ninjatrader.testplay.simulation.datafinder.IchimokuDataFinderTest">
        <test-method status="PASS" signature="setup()[pri:0, instance:com.bn.ninjatrader.testplay.simulation.datafinder.IchimokuDataFinderTest@4313f5bc]" name="setup" is-config="true" duration-ms="99" started-at="2016-11-09T08:35:30Z" finished-at="2016-11-09T08:35:30Z">
          <reporter-output>
          </reporter-output>
        </test-method> <!-- setup -->
        <test-method status="PASS" signature="testFind()[pri:0, instance:com.bn.ninjatrader.testplay.simulation.datafinder.IchimokuDataFinderTest@4313f5bc]" name="testFind" duration-ms="13" started-at="2016-11-09T08:35:30Z" finished-at="2016-11-09T08:35:30Z">
          <reporter-output>
          </reporter-output>
        </test-method> <!-- testFind -->
      </class> <!-- com.bn.ninjatrader.testplay.simulation.datafinder.IchimokuDataFinderTest -->
      <class name="com.bn.ninjatrader.testplay.simulation.data.SimulationDataTest">
        <test-method status="PASS" signature="testGetDataMap()[pri:0, instance:com.bn.ninjatrader.testplay.simulation.data.SimulationDataTest@161479c6]" name="testGetDataMap" duration-ms="1" started-at="2016-11-09T08:35:30Z" finished-at="2016-11-09T08:35:30Z">
          <reporter-output>
          </reporter-output>
        </test-method> <!-- testGetDataMap -->
      </class> <!-- com.bn.ninjatrader.testplay.simulation.data.SimulationDataTest -->
      <class name="com.bn.ninjatrader.testplay.simulation.order.BuyOrderTest">
        <test-method status="PASS" signature="testCreateEmpty()[pri:0, instance:com.bn.ninjatrader.testplay.simulation.order.BuyOrderTest@2b6faea6]" name="testCreateEmpty" duration-ms="1" started-at="2016-11-09T08:35:30Z" finished-at="2016-11-09T08:35:30Z">
          <reporter-output>
          </reporter-output>
        </test-method> <!-- testCreateEmpty -->
        <test-method status="PASS" signature="testCreateWithData()[pri:0, instance:com.bn.ninjatrader.testplay.simulation.order.BuyOrderTest@2b6faea6]" name="testCreateWithData" duration-ms="1" started-at="2016-11-09T08:35:30Z" finished-at="2016-11-09T08:35:30Z">
          <reporter-output>
          </reporter-output>
        </test-method> <!-- testCreateWithData -->
        <test-method status="PASS" signature="testReadyForProcessing()[pri:0, instance:com.bn.ninjatrader.testplay.simulation.order.BuyOrderTest@2b6faea6]" name="testReadyForProcessing" duration-ms="1" started-at="2016-11-09T08:35:30Z" finished-at="2016-11-09T08:35:30Z">
          <reporter-output>
          </reporter-output>
        </test-method> <!-- testReadyForProcessing -->
        <test-method status="PASS" signature="testWithParams()[pri:0, instance:com.bn.ninjatrader.testplay.simulation.order.BuyOrderTest@2b6faea6]" name="testWithParams" duration-ms="0" started-at="2016-11-09T08:35:30Z" finished-at="2016-11-09T08:35:30Z">
          <reporter-output>
          </reporter-output>
        </test-method> <!-- testWithParams -->
      </class> <!-- com.bn.ninjatrader.testplay.simulation.order.BuyOrderTest -->
      <class name="com.bn.ninjatrader.testplay.operation.function.HistoryFunctionTest">
        <test-method status="PASS" signature="setup()[pri:0, instance:com.bn.ninjatrader.testplay.operation.function.HistoryFunctionTest@78aab498]" name="setup" is-config="true" duration-ms="1" started-at="2016-11-09T08:35:30Z" finished-at="2016-11-09T08:35:30Z">
          <reporter-output>
          </reporter-output>
        </test-method> <!-- setup -->
        <test-method status="PASS" signature="testMultiHistoryFunction()[pri:0, instance:com.bn.ninjatrader.testplay.operation.function.HistoryFunctionTest@78aab498]" name="testMultiHistoryFunction" duration-ms="2" started-at="2016-11-09T08:35:30Z" finished-at="2016-11-09T08:35:30Z">
          <reporter-output>
          </reporter-output>
        </test-method> <!-- testMultiHistoryFunction -->
        <test-method status="PASS" signature="setup()[pri:0, instance:com.bn.ninjatrader.testplay.operation.function.HistoryFunctionTest@78aab498]" name="setup" is-config="true" duration-ms="0" started-at="2016-11-09T08:35:30Z" finished-at="2016-11-09T08:35:30Z">
          <reporter-output>
          </reporter-output>
        </test-method> <!-- setup -->
        <test-method status="PASS" signature="testSingleHistoryFunction()[pri:0, instance:com.bn.ninjatrader.testplay.operation.function.HistoryFunctionTest@78aab498]" name="testSingleHistoryFunction" duration-ms="0" started-at="2016-11-09T08:35:30Z" finished-at="2016-11-09T08:35:30Z">
          <reporter-output>
          </reporter-output>
        </test-method> <!-- testSingleHistoryFunction -->
      </class> <!-- com.bn.ninjatrader.testplay.operation.function.HistoryFunctionTest -->
      <class name="com.bn.ninjatrader.testplay.simulation.data.BarDataFactoryTest">
        <test-method status="PASS" signature="setup()[pri:0, instance:com.bn.ninjatrader.testplay.simulation.data.BarDataFactoryTest@6ac13091]" name="setup" is-config="true" duration-ms="3" started-at="2016-11-09T08:35:28Z" finished-at="2016-11-09T08:35:28Z">
          <reporter-output>
          </reporter-output>
        </test-method> <!-- setup -->
        <test-method status="PASS" signature="testCreateBarData()[pri:0, instance:com.bn.ninjatrader.testplay.simulation.data.BarDataFactoryTest@6ac13091]" name="testCreateBarData" duration-ms="0" started-at="2016-11-09T08:35:28Z" finished-at="2016-11-09T08:35:28Z">
          <reporter-output>
          </reporter-output>
        </test-method> <!-- testCreateBarData -->
        <test-method status="PASS" signature="testCreateBarDataWithSimulationData(com.bn.ninjatrader.testplay.simulation.data.SimulationData)[pri:0, instance:com.bn.ninjatrader.testplay.simulation.data.BarDataFactoryTest@6ac13091]" name="testCreateBarDataWithSimulationData" duration-ms="62" started-at="2016-11-09T08:35:28Z" finished-at="2016-11-09T08:35:28Z">
          <reporter-output>
          </reporter-output>
        </test-method> <!-- testCreateBarDataWithSimulationData -->
        <test-method status="PASS" signature="setup()[pri:0, instance:com.bn.ninjatrader.testplay.simulation.data.BarDataFactoryTest@6ac13091]" name="setup" is-config="true" duration-ms="0" started-at="2016-11-09T08:35:28Z" finished-at="2016-11-09T08:35:28Z">
          <reporter-output>
          </reporter-output>
        </test-method> <!-- setup -->
      </class> <!-- com.bn.ninjatrader.testplay.simulation.data.BarDataFactoryTest -->
      <class name="com.bn.ninjatrader.testplay.simulation.order.SellOrderTest">
        <test-method status="PASS" signature="testCreateEmpty()[pri:0, instance:com.bn.ninjatrader.testplay.simulation.order.SellOrderTest@670002]" name="testCreateEmpty" duration-ms="2" started-at="2016-11-09T08:35:30Z" finished-at="2016-11-09T08:35:30Z">
          <reporter-output>
          </reporter-output>
        </test-method> <!-- testCreateEmpty -->
        <test-method status="PASS" signature="testReadyForProcessing()[pri:0, instance:com.bn.ninjatrader.testplay.simulation.order.SellOrderTest@670002]" name="testReadyForProcessing" duration-ms="1" started-at="2016-11-09T08:35:30Z" finished-at="2016-11-09T08:35:30Z">
          <reporter-output>
          </reporter-output>
        </test-method> <!-- testReadyForProcessing -->
        <test-method status="PASS" signature="testCreateWithData()[pri:0, instance:com.bn.ninjatrader.testplay.simulation.order.SellOrderTest@670002]" name="testCreateWithData" duration-ms="0" started-at="2016-11-09T08:35:30Z" finished-at="2016-11-09T08:35:30Z">
          <reporter-output>
          </reporter-output>
        </test-method> <!-- testCreateWithData -->
        <test-method status="PASS" signature="testWithParams()[pri:0, instance:com.bn.ninjatrader.testplay.simulation.order.SellOrderTest@670002]" name="testWithParams" duration-ms="0" started-at="2016-11-09T08:35:30Z" finished-at="2016-11-09T08:35:30Z">
          <reporter-output>
          </reporter-output>
        </test-method> <!-- testWithParams -->
      </class> <!-- com.bn.ninjatrader.testplay.simulation.order.SellOrderTest -->
      <class name="com.bn.ninjatrader.testplay.condition.BasicConditionTest">
        <test-method status="PASS" signature="testSerializationDeserialization()[pri:0, instance:com.bn.ninjatrader.testplay.condition.BasicConditionTest@5276e6b0]" name="testSerializationDeserialization" duration-ms="0" started-at="2016-11-09T08:35:28Z" finished-at="2016-11-09T08:35:28Z">
          <reporter-output>
          </reporter-output>
        </test-method> <!-- testSerializationDeserialization -->
        <test-method status="PASS" signature="testUnaryEquals()[pri:0, instance:com.bn.ninjatrader.testplay.condition.BasicConditionTest@5276e6b0]" name="testUnaryEquals" duration-ms="1" started-at="2016-11-09T08:35:28Z" finished-at="2016-11-09T08:35:28Z">
          <reporter-output>
          </reporter-output>
        </test-method> <!-- testUnaryEquals -->
        <test-method status="PASS" signature="testUnaryGreaterThan()[pri:0, instance:com.bn.ninjatrader.testplay.condition.BasicConditionTest@5276e6b0]" name="testUnaryGreaterThan" duration-ms="0" started-at="2016-11-09T08:35:28Z" finished-at="2016-11-09T08:35:28Z">
          <reporter-output>
          </reporter-output>
        </test-method> <!-- testUnaryGreaterThan -->
        <test-method status="PASS" signature="testUnaryLessThan()[pri:0, instance:com.bn.ninjatrader.testplay.condition.BasicConditionTest@5276e6b0]" name="testUnaryLessThan" duration-ms="0" started-at="2016-11-09T08:35:28Z" finished-at="2016-11-09T08:35:28Z">
          <reporter-output>
          </reporter-output>
        </test-method> <!-- testUnaryLessThan -->
      </class> <!-- com.bn.ninjatrader.testplay.condition.BasicConditionTest -->
    </test> <!-- Command line test -->
  </suite> <!-- Command line suite -->
</testng-results>
