<?xml version="1.0" encoding="UTF-8" ?>
<testsuite tests="97" failures="0" name="TestSuite" time="4.353" errors="0" skipped="0">
  <properties>
[...]
</properties>
  <testcase classname="com.bn.ninjatrader.testplay.account.AccountTest" name="testAddCash" time="0.007"/>
  <testcase classname="com.bn.ninjatrader.testplay.account.AccountTest" name="testAddToPortfolio" time="0"/>
  <testcase classname="com.bn.ninjatrader.testplay.account.AccountTest" name="testClearPortfolio" time="0.001"/>
  <testcase classname="com.bn.ninjatrader.testplay.account.AccountTest" name="testOnCreate" time="0.001"/>
  <testcase classname="com.bn.ninjatrader.testplay.condition.AndConditionTest" name="testAddCondition" time="0.004"/>
  <testcase classname="com.bn.ninjatrader.testplay.condition.AndConditionTest" name="testAllFalse" time="0"/>
  <testcase classname="com.bn.ninjatrader.testplay.condition.AndConditionTest" name="testAllTrue" time="0.001"/>
  <testcase classname="com.bn.ninjatrader.testplay.condition.AndConditionTest" name="testGetDataTypes" time="0.009"/>
  <testcase classname="com.bn.ninjatrader.testplay.condition.AndConditionTest" name="testMixedTrueAndFalse" time="0.001"/>
  <testcase classname="com.bn.ninjatrader.testplay.condition.AndConditionTest" name="testNullCondition" time="0"/>
  <testcase classname="com.bn.ninjatrader.testplay.simulation.data.BarDataFactoryTest" name="testCreateBarData" time="0"/>
  <testcase classname="com.bn.ninjatrader.testplay.simulation.data.BarDataFactoryTest" name="testCreateBarDataWithSimulationData" time="0.076"/>
  <testcase classname="com.bn.ninjatrader.testplay.simulation.data.BarDataHistoryTest" name="testCreateEmpty" time="0.002"/>
  <testcase classname="com.bn.ninjatrader.testplay.simulation.data.BarDataHistoryTest" name="testWithData" time="0"/>
  <testcase classname="com.bn.ninjatrader.testplay.simulation.data.BarDataHistoryTest" name="testWithDataExceedingMaxSize" time="0.001"/>
  <testcase classname="com.bn.ninjatrader.testplay.simulation.data.BarDataTest" name="testOverwriteDataMap" time="0"/>
  <testcase classname="com.bn.ninjatrader.testplay.simulation.data.BarDataTest" name="testPutDataMap" time="0"/>
  <testcase classname="com.bn.ninjatrader.testplay.condition.BasicConditionTest" name="testSerializationDeserialization" time="0"/>
  <testcase classname="com.bn.ninjatrader.testplay.condition.BasicConditionTest" name="testUnaryEquals" time="0.002"/>
  <testcase classname="com.bn.ninjatrader.testplay.condition.BasicConditionTest" name="testUnaryGreaterThan" time="0"/>
  <testcase classname="com.bn.ninjatrader.testplay.condition.BasicConditionTest" name="testUnaryLessThan" time="0"/>
  <testcase classname="com.bn.ninjatrader.testplay.operation.BinaryOperationTest" name="testAddVariables" time="0.008"/>
  <testcase classname="com.bn.ninjatrader.testplay.operation.BinaryOperationTest" name="testArithmeticOnConstants" time="0"/>
  <testcase classname="com.bn.ninjatrader.testplay.operation.BinaryOperationTest" name="testGetDataTypesForConstants" time="0"/>
  <testcase classname="com.bn.ninjatrader.testplay.operation.BinaryOperationTest" name="testGetDataTypesForVariables" time="0"/>
  <testcase classname="com.bn.ninjatrader.testplay.operation.BinaryOperationTest" name="testGetNestedDataTypes" time="0.001"/>
  <testcase classname="com.bn.ninjatrader.testplay.simulation.transaction.BookkeeperTest" name="testCreate" time="0.001"/>
  <testcase classname="com.bn.ninjatrader.testplay.simulation.transaction.BookkeeperTest" name="testMultiLog" time="0"/>
  <testcase classname="com.bn.ninjatrader.testplay.simulation.transaction.BookkeeperTest" name="testSimpleBuy" time="0.001"/>
  <testcase classname="com.bn.ninjatrader.testplay.simulation.broker.BrokerTest" name="testCreateEmpty" time="0.001"/>
  <testcase classname="com.bn.ninjatrader.testplay.simulation.broker.BrokerTest" name="testProcessPendingOrder" time="0.103"/>
  <testcase classname="com.bn.ninjatrader.testplay.simulation.broker.BrokerTest" name="testSubmitOrder" time="0.001"/>
  <testcase classname="com.bn.ninjatrader.testplay.simulation.broker.BuyOrderExecutorTest" name="testExecute" time="0.012"/>
  <testcase classname="com.bn.ninjatrader.testplay.simulation.order.BuyOrderParametersTest" name="testBuild" time="0.042"/>
  <testcase classname="com.bn.ninjatrader.testplay.simulation.order.BuyOrderTest" name="testCreateEmpty" time="0.001"/>
  <testcase classname="com.bn.ninjatrader.testplay.simulation.order.BuyOrderTest" name="testCreateWithData" time="0.003"/>
  <testcase classname="com.bn.ninjatrader.testplay.simulation.order.BuyOrderTest" name="testReadyForProcessing" time="0.001"/>
  <testcase classname="com.bn.ninjatrader.testplay.simulation.order.BuyOrderTest" name="testWithParams" time="0.001"/>
  <testcase classname="com.bn.ninjatrader.testplay.simulation.transaction.BuyTransactionTest" name="testCalculateValue" time="0"/>
  <testcase classname="com.bn.ninjatrader.testplay.simulation.transaction.BuyTransactionTest" name="testCreateEmpty" time="0"/>
  <testcase classname="com.bn.ninjatrader.testplay.simulation.transaction.BuyTransactionTest" name="testCreateWithData" time="0.001"/>
  <testcase classname="com.bn.ninjatrader.testplay.simulation.transaction.BuyTransactionTest" name="testEquals" time="0.042"/>
  <testcase classname="com.bn.ninjatrader.testplay.simulation.transaction.BuyTransactionTest" name="testHashCode" time="0.006"/>
  <testcase classname="com.bn.ninjatrader.testplay.condition.ConditionsTest" name="testGreaterThanCondition" time="0.002"/>
  <testcase classname="com.bn.ninjatrader.testplay.condition.ConditionsTest" name="testGreaterThanOrEqualsCondition" time="0"/>
  <testcase classname="com.bn.ninjatrader.testplay.condition.ConditionsTest" name="testMultipleEqualsCondition" time="0.001"/>
  <testcase classname="com.bn.ninjatrader.testplay.condition.ConditionsTest" name="testSingleEqualsCondition" time="0"/>
  <testcase classname="com.bn.ninjatrader.testplay.simulation.data.DataMapTest" name="testClearDataMap" time="0"/>
  <testcase classname="com.bn.ninjatrader.testplay.simulation.data.DataMapTest" name="testGetWithEmptyMap" time="0.001"/>
  <testcase classname="com.bn.ninjatrader.testplay.simulation.data.DataMapTest" name="testPutDataMap" time="0"/>
  <testcase classname="com.bn.ninjatrader.testplay.simulation.data.DataMapTest" name="testPutHashMap" time="0.004"/>
  <testcase classname="com.bn.ninjatrader.testplay.simulation.data.DataMapTest" name="testPutKeyValue" time="0"/>
  <testcase classname="com.bn.ninjatrader.testplay.operation.function.HighestInLastNBarsFunctionTest" name="testWithMultipleBars" time="0.005"/>
  <testcase classname="com.bn.ninjatrader.testplay.operation.function.HighestInLastNBarsFunctionTest" name="testWithSingleHistoryBar" time="0.001"/>
  <testcase classname="com.bn.ninjatrader.testplay.operation.function.HistoryFunctionTest" name="testMultiHistoryFunction" time="0.003"/>
  <testcase classname="com.bn.ninjatrader.testplay.operation.function.HistoryFunctionTest" name="testSingleHistoryFunction" time="0.001"/>
  <testcase classname="com.bn.ninjatrader.testplay.simulation.datafinder.IchimokuDataFinderTest" name="testFind" time="0.012"/>
  <testcase classname="com.bn.ninjatrader.testplay.simulation.adaptor.IchimokuDataMapAdaptorTest" name="testToDataMap" time="0.001"/>
  <testcase classname="com.bn.ninjatrader.testplay.operation.OperationsTest" name="testGetVariables" time="0.002"/>
  <testcase classname="com.bn.ninjatrader.testplay.operation.OperationsTest" name="testWithConstants" time="0.001"/>
  <testcase classname="com.bn.ninjatrader.testplay.operation.OperationsTest" name="testWithConstantsAndVaraibles" time="0.001"/>
  <testcase classname="com.bn.ninjatrader.testplay.operation.OperationsTest" name="testWithSingleOperand" time="0"/>
  <testcase classname="com.bn.ninjatrader.testplay.operation.OperationsTest" name="testWithVariables" time="0.001"/>
  <testcase classname="com.bn.ninjatrader.testplay.condition.OrConditionTest" name="testAllFalse" time="0"/>
  <testcase classname="com.bn.ninjatrader.testplay.condition.OrConditionTest" name="testAllTrue" time="0"/>
  <testcase classname="com.bn.ninjatrader.testplay.condition.OrConditionTest" name="testGetDataTypes" time="0.002"/>
  <testcase classname="com.bn.ninjatrader.testplay.condition.OrConditionTest" name="testMixedTrueAndFalse" time="0"/>
  <testcase classname="com.bn.ninjatrader.testplay.simulation.broker.OrderExecutorTest" name="testCalculateProfit" time="0.007"/>
  <testcase classname="com.bn.ninjatrader.testplay.simulation.broker.OrderExecutorTest" name="testCalculateProfitAtLowerPrice" time="0.001"/>
  <testcase classname="com.bn.ninjatrader.testplay.simulation.broker.OrderExecutorTest" name="testGetFulfilledPrice" time="0.004"/>
  <testcase classname="com.bn.ninjatrader.testplay.simulation.broker.OrderExecutorTest" name="testGetNumberOfSharesCanBuy" time="0.004"/>
  <testcase classname="com.bn.ninjatrader.testplay.account.PortfolioTest" name="testAdd" time="0.001"/>
  <testcase classname="com.bn.ninjatrader.testplay.account.PortfolioTest" name="testAvgPrice" time="0"/>
  <testcase classname="com.bn.ninjatrader.testplay.account.PortfolioTest" name="testClear" time="0"/>
  <testcase classname="com.bn.ninjatrader.testplay.account.PortfolioTest" name="testNumOfShares" time="0"/>
  <testcase classname="com.bn.ninjatrader.testplay.account.PortfolioTest" name="testOnCreate" time="0"/>
  <testcase classname="com.bn.ninjatrader.testplay.simulation.datafinder.PriceDataFinderTest" name="testFind" time="0.027"/>
  <testcase classname="com.bn.ninjatrader.testplay.simulation.adaptor.PriceDataMapAdaptorTest" name="testToDataMap" time="0.001"/>
  <testcase classname="com.bn.ninjatrader.testplay.simulation.broker.SellOrderExecutorTest" name="testExecute" time="0.001"/>
  <testcase classname="com.bn.ninjatrader.testplay.simulation.order.SellOrderParametersTest" name="testBuild" time="0.002"/>
  <testcase classname="com.bn.ninjatrader.testplay.simulation.order.SellOrderTest" name="testCreateEmpty" time="0.002"/>
  <testcase classname="com.bn.ninjatrader.testplay.simulation.order.SellOrderTest" name="testCreateWithData" time="0"/>
  <testcase classname="com.bn.ninjatrader.testplay.simulation.order.SellOrderTest" name="testReadyForProcessing" time="0"/>
  <testcase classname="com.bn.ninjatrader.testplay.simulation.order.SellOrderTest" name="testWithParams" time="0"/>
  <testcase classname="com.bn.ninjatrader.testplay.simulation.transaction.SellTransactionTest" name="testCalculateValue" time="0"/>
  <testcase classname="com.bn.ninjatrader.testplay.simulation.transaction.SellTransactionTest" name="testCreateEmpty" time="0.001"/>
  <testcase classname="com.bn.ninjatrader.testplay.simulation.transaction.SellTransactionTest" name="testCreateWithData" time="0"/>
  <testcase classname="com.bn.ninjatrader.testplay.simulation.transaction.SellTransactionTest" name="testEquals" time="0.003"/>
  <testcase classname="com.bn.ninjatrader.testplay.simulation.transaction.SellTransactionTest" name="testHashCode" time="0.002"/>
  <testcase classname="com.bn.ninjatrader.testplay.simulation.data.SimulationDataTest" name="testGetDataMap" time="0.001"/>
  <testcase classname="com.bn.ninjatrader.testplay.simulation.stats.TradeStatisticTest" name="testLossStats" time="0.001"/>
  <testcase classname="com.bn.ninjatrader.testplay.simulation.stats.TradeStatisticTest" name="testMultiTradeStats" time="0"/>
  <testcase classname="com.bn.ninjatrader.testplay.simulation.stats.TradeStatisticTest" name="testOnCreate" time="0"/>
  <testcase classname="com.bn.ninjatrader.testplay.simulation.stats.TradeStatisticTest" name="testWinStats" time="0"/>
  <testcase classname="com.bn.ninjatrader.testplay.operation.UnaryOperationTest" name="testGetVariables" time="0"/>
  <testcase classname="com.bn.ninjatrader.testplay.operation.UnaryOperationTest" name="testWithConstant" time="0"/>
  <testcase classname="com.bn.ninjatrader.testplay.operation.UnaryOperationTest" name="testWithVariables" time="0"/>
</testsuite>